25-Mar-2021 10:44:49.845 INFO [main] org.apache.catalina.startup.VersionLoggerListener.log Server version name:   Apache Tomcat/9.0.44
25-Mar-2021 10:44:49.851 INFO [main] org.apache.catalina.startup.VersionLoggerListener.log Server built:          Mar 4 2021 21:49:34 UTC
25-Mar-2021 10:44:49.851 INFO [main] org.apache.catalina.startup.VersionLoggerListener.log Server version number: 9.0.44.0
25-Mar-2021 10:44:49.851 INFO [main] org.apache.catalina.startup.VersionLoggerListener.log OS Name:               Linux
25-Mar-2021 10:44:49.851 INFO [main] org.apache.catalina.startup.VersionLoggerListener.log OS Version:            5.4.0-1038-aws
25-Mar-2021 10:44:49.851 INFO [main] org.apache.catalina.startup.VersionLoggerListener.log Architecture:          amd64
25-Mar-2021 10:44:49.851 INFO [main] org.apache.catalina.startup.VersionLoggerListener.log Java Home:             /usr/lib/jvm/java-11-openjdk-amd64
25-Mar-2021 10:44:49.852 INFO [main] org.apache.catalina.startup.VersionLoggerListener.log JVM Version:           11.0.10+9-Ubuntu-0ubuntu1.20.04
25-Mar-2021 10:44:49.852 INFO [main] org.apache.catalina.startup.VersionLoggerListener.log JVM Vendor:            Ubuntu
25-Mar-2021 10:44:49.852 INFO [main] org.apache.catalina.startup.VersionLoggerListener.log CATALINA_BASE:         /root/maven/ecomerenceapp/tomcat
25-Mar-2021 10:44:49.852 INFO [main] org.apache.catalina.startup.VersionLoggerListener.log CATALINA_HOME:         /root/maven/ecomerenceapp/tomcat
25-Mar-2021 10:44:49.896 INFO [main] org.apache.catalina.startup.VersionLoggerListener.log Command line argument: --add-opens=java.base/java.lang=ALL-UNNAMED
25-Mar-2021 10:44:49.896 INFO [main] org.apache.catalina.startup.VersionLoggerListener.log Command line argument: --add-opens=java.base/java.io=ALL-UNNAMED
25-Mar-2021 10:44:49.896 INFO [main] org.apache.catalina.startup.VersionLoggerListener.log Command line argument: --add-opens=java.base/java.util=ALL-UNNAMED
25-Mar-2021 10:44:49.896 INFO [main] org.apache.catalina.startup.VersionLoggerListener.log Command line argument: --add-opens=java.base/java.util.concurrent=ALL-UNNAMED
25-Mar-2021 10:44:49.897 INFO [main] org.apache.catalina.startup.VersionLoggerListener.log Command line argument: --add-opens=java.rmi/sun.rmi.transport=ALL-UNNAMED
25-Mar-2021 10:44:49.897 INFO [main] org.apache.catalina.startup.VersionLoggerListener.log Command line argument: -Djava.util.logging.config.file=/root/maven/ecomerenceapp/tomcat/conf/logging.properties
25-Mar-2021 10:44:49.897 INFO [main] org.apache.catalina.startup.VersionLoggerListener.log Command line argument: -Djava.util.logging.manager=org.apache.juli.ClassLoaderLogManager
25-Mar-2021 10:44:49.897 INFO [main] org.apache.catalina.startup.VersionLoggerListener.log Command line argument: -Djdk.tls.ephemeralDHKeySize=2048
25-Mar-2021 10:44:49.897 INFO [main] org.apache.catalina.startup.VersionLoggerListener.log Command line argument: -Djava.protocol.handler.pkgs=org.apache.catalina.webresources
25-Mar-2021 10:44:49.897 INFO [main] org.apache.catalina.startup.VersionLoggerListener.log Command line argument: -Dorg.apache.catalina.security.SecurityListener.UMASK=0027
25-Mar-2021 10:44:49.897 INFO [main] org.apache.catalina.startup.VersionLoggerListener.log Command line argument: -Dignore.endorsed.dirs=
25-Mar-2021 10:44:49.897 INFO [main] org.apache.catalina.startup.VersionLoggerListener.log Command line argument: -Dcatalina.base=/root/maven/ecomerenceapp/tomcat
25-Mar-2021 10:44:49.897 INFO [main] org.apache.catalina.startup.VersionLoggerListener.log Command line argument: -Dcatalina.home=/root/maven/ecomerenceapp/tomcat
25-Mar-2021 10:44:49.898 INFO [main] org.apache.catalina.startup.VersionLoggerListener.log Command line argument: -Djava.io.tmpdir=/root/maven/ecomerenceapp/tomcat/temp
25-Mar-2021 10:44:49.900 INFO [main] org.apache.catalina.core.AprLifecycleListener.lifecycleEvent The Apache Tomcat Native library which allows using OpenSSL was not found on the java.library.path: [/usr/java/packages/lib:/usr/lib/x86_64-linux-gnu/jni:/lib/x86_64-linux-gnu:/usr/lib/x86_64-linux-gnu:/usr/lib/jni:/lib:/usr/lib]
25-Mar-2021 10:44:50.822 INFO [main] org.apache.coyote.AbstractProtocol.init Initializing ProtocolHandler ["http-nio-8080"]
25-Mar-2021 10:44:50.901 INFO [main] org.apache.catalina.startup.Catalina.load Server initialization in [1636] milliseconds
25-Mar-2021 10:44:51.035 INFO [main] org.apache.catalina.core.StandardService.startInternal Starting service [Catalina]
25-Mar-2021 10:44:51.035 INFO [main] org.apache.catalina.core.StandardEngine.startInternal Starting Servlet engine: [Apache Tomcat/9.0.44]
25-Mar-2021 10:44:51.047 INFO [main] org.apache.catalina.startup.HostConfig.deployDirectory Deploying web application directory [/root/maven/ecomerenceapp/tomcat/webapps/ROOT]
25-Mar-2021 10:44:51.587 INFO [main] org.apache.catalina.startup.HostConfig.deployDirectory Deployment of web application directory [/root/maven/ecomerenceapp/tomcat/webapps/ROOT] has finished in [536] ms
25-Mar-2021 10:44:51.588 INFO [main] org.apache.catalina.startup.HostConfig.deployDirectory Deploying web application directory [/root/maven/ecomerenceapp/tomcat/webapps/docs]
25-Mar-2021 10:44:51.640 INFO [main] org.apache.catalina.startup.HostConfig.deployDirectory Deployment of web application directory [/root/maven/ecomerenceapp/tomcat/webapps/docs] has finished in [53] ms
25-Mar-2021 10:44:51.641 INFO [main] org.apache.catalina.startup.HostConfig.deployDirectory Deploying web application directory [/root/maven/ecomerenceapp/tomcat/webapps/examples]
25-Mar-2021 10:44:52.186 INFO [main] org.apache.catalina.startup.HostConfig.deployDirectory Deployment of web application directory [/root/maven/ecomerenceapp/tomcat/webapps/examples] has finished in [545] ms
25-Mar-2021 10:44:52.190 INFO [main] org.apache.catalina.startup.HostConfig.deployDirectory Deploying web application directory [/root/maven/ecomerenceapp/tomcat/webapps/manager]
25-Mar-2021 10:44:52.245 INFO [main] org.apache.catalina.startup.HostConfig.deployDirectory Deployment of web application directory [/root/maven/ecomerenceapp/tomcat/webapps/manager] has finished in [55] ms
25-Mar-2021 10:44:52.250 INFO [main] org.apache.catalina.startup.HostConfig.deployDirectory Deploying web application directory [/root/maven/ecomerenceapp/tomcat/webapps/host-manager]
25-Mar-2021 10:44:52.293 INFO [main] org.apache.catalina.startup.HostConfig.deployDirectory Deployment of web application directory [/root/maven/ecomerenceapp/tomcat/webapps/host-manager] has finished in [42] ms
25-Mar-2021 10:44:52.304 INFO [main] org.apache.coyote.AbstractProtocol.start Starting ProtocolHandler ["http-nio-8080"]
25-Mar-2021 10:44:52.338 INFO [main] org.apache.catalina.startup.Catalina.start Server startup in [1436] milliseconds
25-Mar-2021 10:56:02.409 INFO [Catalina-utility-1] org.apache.catalina.users.MemoryUserDatabase.backgroundProcess Reloading memory user database [UserDatabase] from updated source [file:/root/maven/ecomerenceapp/tomcat/conf/tomcat-users.xml]
25-Mar-2021 11:00:01.774 INFO [main] org.apache.catalina.core.StandardServer.await A valid shutdown command was received via the shutdown port. Stopping the Server instance.
25-Mar-2021 11:00:01.775 INFO [main] org.apache.coyote.AbstractProtocol.pause Pausing ProtocolHandler ["http-nio-8080"]
25-Mar-2021 11:00:01.778 INFO [main] org.apache.catalina.core.StandardService.stopInternal Stopping service [Catalina]
25-Mar-2021 11:00:01.857 INFO [main] org.apache.coyote.AbstractProtocol.stop Stopping ProtocolHandler ["http-nio-8080"]
25-Mar-2021 11:00:01.883 INFO [main] org.apache.coyote.AbstractProtocol.destroy Destroying ProtocolHandler ["http-nio-8080"]
25-Mar-2021 11:00:17.515 INFO [main] org.apache.catalina.startup.VersionLoggerListener.log Server version name:   Apache Tomcat/9.0.44
25-Mar-2021 11:00:17.527 INFO [main] org.apache.catalina.startup.VersionLoggerListener.log Server built:          Mar 4 2021 21:49:34 UTC
25-Mar-2021 11:00:17.527 INFO [main] org.apache.catalina.startup.VersionLoggerListener.log Server version number: 9.0.44.0
25-Mar-2021 11:00:17.527 INFO [main] org.apache.catalina.startup.VersionLoggerListener.log OS Name:               Linux
25-Mar-2021 11:00:17.527 INFO [main] org.apache.catalina.startup.VersionLoggerListener.log OS Version:            5.4.0-1038-aws
25-Mar-2021 11:00:17.528 INFO [main] org.apache.catalina.startup.VersionLoggerListener.log Architecture:          amd64
25-Mar-2021 11:00:17.528 INFO [main] org.apache.catalina.startup.VersionLoggerListener.log Java Home:             /usr/lib/jvm/java-11-openjdk-amd64
25-Mar-2021 11:00:17.528 INFO [main] org.apache.catalina.startup.VersionLoggerListener.log JVM Version:           11.0.10+9-Ubuntu-0ubuntu1.20.04
25-Mar-2021 11:00:17.528 INFO [main] org.apache.catalina.startup.VersionLoggerListener.log JVM Vendor:            Ubuntu
25-Mar-2021 11:00:17.528 INFO [main] org.apache.catalina.startup.VersionLoggerListener.log CATALINA_BASE:         /root/maven/ecomerenceapp/tomcat
25-Mar-2021 11:00:17.528 INFO [main] org.apache.catalina.startup.VersionLoggerListener.log CATALINA_HOME:         /root/maven/ecomerenceapp/tomcat
25-Mar-2021 11:00:17.560 INFO [main] org.apache.catalina.startup.VersionLoggerListener.log Command line argument: --add-opens=java.base/java.lang=ALL-UNNAMED
25-Mar-2021 11:00:17.561 INFO [main] org.apache.catalina.startup.VersionLoggerListener.log Command line argument: --add-opens=java.base/java.io=ALL-UNNAMED
25-Mar-2021 11:00:17.561 INFO [main] org.apache.catalina.startup.VersionLoggerListener.log Command line argument: --add-opens=java.base/java.util=ALL-UNNAMED
25-Mar-2021 11:00:17.561 INFO [main] org.apache.catalina.startup.VersionLoggerListener.log Command line argument: --add-opens=java.base/java.util.concurrent=ALL-UNNAMED
25-Mar-2021 11:00:17.561 INFO [main] org.apache.catalina.startup.VersionLoggerListener.log Command line argument: --add-opens=java.rmi/sun.rmi.transport=ALL-UNNAMED
25-Mar-2021 11:00:17.561 INFO [main] org.apache.catalina.startup.VersionLoggerListener.log Command line argument: -Djava.util.logging.config.file=/root/maven/ecomerenceapp/tomcat/conf/logging.properties
25-Mar-2021 11:00:17.561 INFO [main] org.apache.catalina.startup.VersionLoggerListener.log Command line argument: -Djava.util.logging.manager=org.apache.juli.ClassLoaderLogManager
25-Mar-2021 11:00:17.561 INFO [main] org.apache.catalina.startup.VersionLoggerListener.log Command line argument: -Djdk.tls.ephemeralDHKeySize=2048
25-Mar-2021 11:00:17.561 INFO [main] org.apache.catalina.startup.VersionLoggerListener.log Command line argument: -Djava.protocol.handler.pkgs=org.apache.catalina.webresources
25-Mar-2021 11:00:17.562 INFO [main] org.apache.catalina.startup.VersionLoggerListener.log Command line argument: -Dorg.apache.catalina.security.SecurityListener.UMASK=0027
25-Mar-2021 11:00:17.563 INFO [main] org.apache.catalina.startup.VersionLoggerListener.log Command line argument: -Dignore.endorsed.dirs=
25-Mar-2021 11:00:17.563 INFO [main] org.apache.catalina.startup.VersionLoggerListener.log Command line argument: -Dcatalina.base=/root/maven/ecomerenceapp/tomcat
25-Mar-2021 11:00:17.563 INFO [main] org.apache.catalina.startup.VersionLoggerListener.log Command line argument: -Dcatalina.home=/root/maven/ecomerenceapp/tomcat
25-Mar-2021 11:00:17.563 INFO [main] org.apache.catalina.startup.VersionLoggerListener.log Command line argument: -Djava.io.tmpdir=/root/maven/ecomerenceapp/tomcat/temp
25-Mar-2021 11:00:17.565 INFO [main] org.apache.catalina.core.AprLifecycleListener.lifecycleEvent The Apache Tomcat Native library which allows using OpenSSL was not found on the java.library.path: [/usr/java/packages/lib:/usr/lib/x86_64-linux-gnu/jni:/lib/x86_64-linux-gnu:/usr/lib/x86_64-linux-gnu:/usr/lib/jni:/lib:/usr/lib]
25-Mar-2021 11:00:18.441 INFO [main] org.apache.coyote.AbstractProtocol.init Initializing ProtocolHandler ["http-nio-8080"]
25-Mar-2021 11:00:18.521 INFO [main] org.apache.catalina.startup.Catalina.load Server initialization in [1503] milliseconds
25-Mar-2021 11:00:18.660 INFO [main] org.apache.catalina.core.StandardService.startInternal Starting service [Catalina]
25-Mar-2021 11:00:18.661 INFO [main] org.apache.catalina.core.StandardEngine.startInternal Starting Servlet engine: [Apache Tomcat/9.0.44]
25-Mar-2021 11:00:18.672 INFO [main] org.apache.catalina.startup.HostConfig.deployDirectory Deploying web application directory [/root/maven/ecomerenceapp/tomcat/webapps/ROOT]
25-Mar-2021 11:02:09.515 WARNING [main] org.apache.catalina.util.SessionIdGeneratorBase.createSecureRandom Creation of SecureRandom instance for session ID generation using [SHA1PRNG] took [110,367] milliseconds.
25-Mar-2021 11:02:09.559 INFO [main] org.apache.catalina.startup.HostConfig.deployDirectory Deployment of web application directory [/root/maven/ecomerenceapp/tomcat/webapps/ROOT] has finished in [110,887] ms
25-Mar-2021 11:02:09.566 INFO [main] org.apache.catalina.startup.HostConfig.deployDirectory Deploying web application directory [/root/maven/ecomerenceapp/tomcat/webapps/docs]
25-Mar-2021 11:02:09.615 INFO [main] org.apache.catalina.startup.HostConfig.deployDirectory Deployment of web application directory [/root/maven/ecomerenceapp/tomcat/webapps/docs] has finished in [49] ms
25-Mar-2021 11:02:09.618 INFO [main] org.apache.catalina.startup.HostConfig.deployDirectory Deploying web application directory [/root/maven/ecomerenceapp/tomcat/webapps/examples]
25-Mar-2021 11:02:10.139 INFO [main] org.apache.catalina.startup.HostConfig.deployDirectory Deployment of web application directory [/root/maven/ecomerenceapp/tomcat/webapps/examples] has finished in [521] ms
25-Mar-2021 11:02:10.140 INFO [main] org.apache.catalina.startup.HostConfig.deployDirectory Deploying web application directory [/root/maven/ecomerenceapp/tomcat/webapps/manager]
25-Mar-2021 11:02:10.197 INFO [main] org.apache.catalina.startup.HostConfig.deployDirectory Deployment of web application directory [/root/maven/ecomerenceapp/tomcat/webapps/manager] has finished in [57] ms
25-Mar-2021 11:02:10.202 INFO [main] org.apache.catalina.startup.HostConfig.deployDirectory Deploying web application directory [/root/maven/ecomerenceapp/tomcat/webapps/host-manager]
25-Mar-2021 11:02:10.247 INFO [main] org.apache.catalina.startup.HostConfig.deployDirectory Deployment of web application directory [/root/maven/ecomerenceapp/tomcat/webapps/host-manager] has finished in [48] ms
25-Mar-2021 11:02:10.256 INFO [main] org.apache.coyote.AbstractProtocol.start Starting ProtocolHandler ["http-nio-8080"]
25-Mar-2021 11:02:10.291 INFO [main] org.apache.catalina.startup.Catalina.start Server startup in [111770] milliseconds
25-Mar-2021 11:09:40.346 INFO [Catalina-utility-1] org.apache.catalina.startup.HostConfig.undeploy Undeploying context [/manager]
25-Mar-2021 11:09:40.384 INFO [Catalina-utility-1] org.apache.catalina.startup.HostConfig.deployDirectory Deploying web application directory [/root/maven/ecomerenceapp/tomcat/webapps/manager]
25-Mar-2021 11:09:40.483 INFO [Catalina-utility-1] org.apache.catalina.startup.HostConfig.deployDirectory Deployment of web application directory [/root/maven/ecomerenceapp/tomcat/webapps/manager] has finished in [95] ms
25-Mar-2021 11:11:02.641 INFO [main] org.apache.catalina.core.StandardServer.await A valid shutdown command was received via the shutdown port. Stopping the Server instance.
25-Mar-2021 11:11:02.641 INFO [main] org.apache.coyote.AbstractProtocol.pause Pausing ProtocolHandler ["http-nio-8080"]
25-Mar-2021 11:11:02.648 INFO [main] org.apache.catalina.core.StandardService.stopInternal Stopping service [Catalina]
25-Mar-2021 11:11:02.718 INFO [main] org.apache.coyote.AbstractProtocol.stop Stopping ProtocolHandler ["http-nio-8080"]
25-Mar-2021 11:11:02.756 INFO [main] org.apache.coyote.AbstractProtocol.destroy Destroying ProtocolHandler ["http-nio-8080"]
25-Mar-2021 11:11:14.831 INFO [main] org.apache.catalina.startup.VersionLoggerListener.log Server version name:   Apache Tomcat/9.0.44
25-Mar-2021 11:11:14.839 INFO [main] org.apache.catalina.startup.VersionLoggerListener.log Server built:          Mar 4 2021 21:49:34 UTC
25-Mar-2021 11:11:14.839 INFO [main] org.apache.catalina.startup.VersionLoggerListener.log Server version number: 9.0.44.0
25-Mar-2021 11:11:14.839 INFO [main] org.apache.catalina.startup.VersionLoggerListener.log OS Name:               Linux
25-Mar-2021 11:11:14.839 INFO [main] org.apache.catalina.startup.VersionLoggerListener.log OS Version:            5.4.0-1038-aws
25-Mar-2021 11:11:14.839 INFO [main] org.apache.catalina.startup.VersionLoggerListener.log Architecture:          amd64
25-Mar-2021 11:11:14.839 INFO [main] org.apache.catalina.startup.VersionLoggerListener.log Java Home:             /usr/lib/jvm/java-11-openjdk-amd64
25-Mar-2021 11:11:14.839 INFO [main] org.apache.catalina.startup.VersionLoggerListener.log JVM Version:           11.0.10+9-Ubuntu-0ubuntu1.20.04
25-Mar-2021 11:11:14.840 INFO [main] org.apache.catalina.startup.VersionLoggerListener.log JVM Vendor:            Ubuntu
25-Mar-2021 11:11:14.840 INFO [main] org.apache.catalina.startup.VersionLoggerListener.log CATALINA_BASE:         /root/maven/ecomerenceapp/tomcat
25-Mar-2021 11:11:14.840 INFO [main] org.apache.catalina.startup.VersionLoggerListener.log CATALINA_HOME:         /root/maven/ecomerenceapp/tomcat
25-Mar-2021 11:11:14.871 INFO [main] org.apache.catalina.startup.VersionLoggerListener.log Command line argument: --add-opens=java.base/java.lang=ALL-UNNAMED
25-Mar-2021 11:11:14.871 INFO [main] org.apache.catalina.startup.VersionLoggerListener.log Command line argument: --add-opens=java.base/java.io=ALL-UNNAMED
25-Mar-2021 11:11:14.871 INFO [main] org.apache.catalina.startup.VersionLoggerListener.log Command line argument: --add-opens=java.base/java.util=ALL-UNNAMED
25-Mar-2021 11:11:14.872 INFO [main] org.apache.catalina.startup.VersionLoggerListener.log Command line argument: --add-opens=java.base/java.util.concurrent=ALL-UNNAMED
25-Mar-2021 11:11:14.872 INFO [main] org.apache.catalina.startup.VersionLoggerListener.log Command line argument: --add-opens=java.rmi/sun.rmi.transport=ALL-UNNAMED
25-Mar-2021 11:11:14.872 INFO [main] org.apache.catalina.startup.VersionLoggerListener.log Command line argument: -Djava.util.logging.config.file=/root/maven/ecomerenceapp/tomcat/conf/logging.properties
25-Mar-2021 11:11:14.872 INFO [main] org.apache.catalina.startup.VersionLoggerListener.log Command line argument: -Djava.util.logging.manager=org.apache.juli.ClassLoaderLogManager
25-Mar-2021 11:11:14.872 INFO [main] org.apache.catalina.startup.VersionLoggerListener.log Command line argument: -Djdk.tls.ephemeralDHKeySize=2048
25-Mar-2021 11:11:14.872 INFO [main] org.apache.catalina.startup.VersionLoggerListener.log Command line argument: -Djava.protocol.handler.pkgs=org.apache.catalina.webresources
25-Mar-2021 11:11:14.872 INFO [main] org.apache.catalina.startup.VersionLoggerListener.log Command line argument: -Dorg.apache.catalina.security.SecurityListener.UMASK=0027
25-Mar-2021 11:11:14.872 INFO [main] org.apache.catalina.startup.VersionLoggerListener.log Command line argument: -Dignore.endorsed.dirs=
25-Mar-2021 11:11:14.872 INFO [main] org.apache.catalina.startup.VersionLoggerListener.log Command line argument: -Dcatalina.base=/root/maven/ecomerenceapp/tomcat
25-Mar-2021 11:11:14.873 INFO [main] org.apache.catalina.startup.VersionLoggerListener.log Command line argument: -Dcatalina.home=/root/maven/ecomerenceapp/tomcat
25-Mar-2021 11:11:14.873 INFO [main] org.apache.catalina.startup.VersionLoggerListener.log Command line argument: -Djava.io.tmpdir=/root/maven/ecomerenceapp/tomcat/temp
25-Mar-2021 11:11:14.874 INFO [main] org.apache.catalina.core.AprLifecycleListener.lifecycleEvent The Apache Tomcat Native library which allows using OpenSSL was not found on the java.library.path: [/usr/java/packages/lib:/usr/lib/x86_64-linux-gnu/jni:/lib/x86_64-linux-gnu:/usr/lib/x86_64-linux-gnu:/usr/lib/jni:/lib:/usr/lib]
25-Mar-2021 11:11:15.780 INFO [main] org.apache.coyote.AbstractProtocol.init Initializing ProtocolHandler ["http-nio-8080"]
25-Mar-2021 11:11:15.853 INFO [main] org.apache.catalina.startup.Catalina.load Server initialization in [1551] milliseconds
25-Mar-2021 11:11:15.988 INFO [main] org.apache.catalina.core.StandardService.startInternal Starting service [Catalina]
25-Mar-2021 11:11:15.988 INFO [main] org.apache.catalina.core.StandardEngine.startInternal Starting Servlet engine: [Apache Tomcat/9.0.44]
25-Mar-2021 11:11:16.004 INFO [main] org.apache.catalina.startup.HostConfig.deployDirectory Deploying web application directory [/root/maven/ecomerenceapp/tomcat/webapps/ROOT]
25-Mar-2021 11:14:33.915 WARNING [main] org.apache.catalina.util.SessionIdGeneratorBase.createSecureRandom Creation of SecureRandom instance for session ID generation using [SHA1PRNG] took [197,379] milliseconds.
25-Mar-2021 11:14:33.958 INFO [main] org.apache.catalina.startup.HostConfig.deployDirectory Deployment of web application directory [/root/maven/ecomerenceapp/tomcat/webapps/ROOT] has finished in [197,951] ms
25-Mar-2021 11:14:33.959 INFO [main] org.apache.catalina.startup.HostConfig.deployDirectory Deploying web application directory [/root/maven/ecomerenceapp/tomcat/webapps/docs]
25-Mar-2021 11:14:34.015 INFO [main] org.apache.catalina.startup.HostConfig.deployDirectory Deployment of web application directory [/root/maven/ecomerenceapp/tomcat/webapps/docs] has finished in [56] ms
25-Mar-2021 11:14:34.016 INFO [main] org.apache.catalina.startup.HostConfig.deployDirectory Deploying web application directory [/root/maven/ecomerenceapp/tomcat/webapps/examples]
25-Mar-2021 11:14:34.535 INFO [main] org.apache.catalina.startup.HostConfig.deployDirectory Deployment of web application directory [/root/maven/ecomerenceapp/tomcat/webapps/examples] has finished in [519] ms
25-Mar-2021 11:14:34.538 INFO [main] org.apache.catalina.startup.HostConfig.deployDirectory Deploying web application directory [/root/maven/ecomerenceapp/tomcat/webapps/manager]
25-Mar-2021 11:14:34.597 INFO [main] org.apache.catalina.startup.HostConfig.deployDirectory Deployment of web application directory [/root/maven/ecomerenceapp/tomcat/webapps/manager] has finished in [59] ms
25-Mar-2021 11:14:34.603 INFO [main] org.apache.catalina.startup.HostConfig.deployDirectory Deploying web application directory [/root/maven/ecomerenceapp/tomcat/webapps/host-manager]
25-Mar-2021 11:14:34.646 INFO [main] org.apache.catalina.startup.HostConfig.deployDirectory Deployment of web application directory [/root/maven/ecomerenceapp/tomcat/webapps/host-manager] has finished in [43] ms
25-Mar-2021 11:14:34.656 INFO [main] org.apache.coyote.AbstractProtocol.start Starting ProtocolHandler ["http-nio-8080"]
25-Mar-2021 11:14:34.688 INFO [main] org.apache.catalina.startup.Catalina.start Server startup in [198833] milliseconds
25-Mar-2021 11:15:54.683 INFO [Catalina-utility-1] org.apache.catalina.users.MemoryUserDatabase.backgroundProcess Reloading memory user database [UserDatabase] from updated source [file:/root/maven/ecomerenceapp/tomcat/conf/tomcat-users.xml]
25-Mar-2021 11:16:35.819 INFO [main] org.apache.catalina.core.StandardServer.await A valid shutdown command was received via the shutdown port. Stopping the Server instance.
25-Mar-2021 11:16:35.820 INFO [main] org.apache.coyote.AbstractProtocol.pause Pausing ProtocolHandler ["http-nio-8080"]
25-Mar-2021 11:16:35.826 INFO [main] org.apache.catalina.core.StandardService.stopInternal Stopping service [Catalina]
25-Mar-2021 11:16:35.890 INFO [main] org.apache.coyote.AbstractProtocol.stop Stopping ProtocolHandler ["http-nio-8080"]
25-Mar-2021 11:16:35.929 INFO [main] org.apache.coyote.AbstractProtocol.destroy Destroying ProtocolHandler ["http-nio-8080"]
25-Mar-2021 11:16:43.879 INFO [main] org.apache.catalina.startup.VersionLoggerListener.log Server version name:   Apache Tomcat/9.0.44
25-Mar-2021 11:16:43.885 INFO [main] org.apache.catalina.startup.VersionLoggerListener.log Server built:          Mar 4 2021 21:49:34 UTC
25-Mar-2021 11:16:43.885 INFO [main] org.apache.catalina.startup.VersionLoggerListener.log Server version number: 9.0.44.0
25-Mar-2021 11:16:43.885 INFO [main] org.apache.catalina.startup.VersionLoggerListener.log OS Name:               Linux
25-Mar-2021 11:16:43.886 INFO [main] org.apache.catalina.startup.VersionLoggerListener.log OS Version:            5.4.0-1038-aws
25-Mar-2021 11:16:43.886 INFO [main] org.apache.catalina.startup.VersionLoggerListener.log Architecture:          amd64
25-Mar-2021 11:16:43.886 INFO [main] org.apache.catalina.startup.VersionLoggerListener.log Java Home:             /usr/lib/jvm/java-11-openjdk-amd64
25-Mar-2021 11:16:43.888 INFO [main] org.apache.catalina.startup.VersionLoggerListener.log JVM Version:           11.0.10+9-Ubuntu-0ubuntu1.20.04
25-Mar-2021 11:16:43.888 INFO [main] org.apache.catalina.startup.VersionLoggerListener.log JVM Vendor:            Ubuntu
25-Mar-2021 11:16:43.888 INFO [main] org.apache.catalina.startup.VersionLoggerListener.log CATALINA_BASE:         /root/maven/ecomerenceapp/tomcat
25-Mar-2021 11:16:43.888 INFO [main] org.apache.catalina.startup.VersionLoggerListener.log CATALINA_HOME:         /root/maven/ecomerenceapp/tomcat
25-Mar-2021 11:16:43.912 INFO [main] org.apache.catalina.startup.VersionLoggerListener.log Command line argument: --add-opens=java.base/java.lang=ALL-UNNAMED
25-Mar-2021 11:16:43.913 INFO [main] org.apache.catalina.startup.VersionLoggerListener.log Command line argument: --add-opens=java.base/java.io=ALL-UNNAMED
25-Mar-2021 11:16:43.913 INFO [main] org.apache.catalina.startup.VersionLoggerListener.log Command line argument: --add-opens=java.base/java.util=ALL-UNNAMED
25-Mar-2021 11:16:43.913 INFO [main] org.apache.catalina.startup.VersionLoggerListener.log Command line argument: --add-opens=java.base/java.util.concurrent=ALL-UNNAMED
25-Mar-2021 11:16:43.913 INFO [main] org.apache.catalina.startup.VersionLoggerListener.log Command line argument: --add-opens=java.rmi/sun.rmi.transport=ALL-UNNAMED
25-Mar-2021 11:16:43.913 INFO [main] org.apache.catalina.startup.VersionLoggerListener.log Command line argument: -Djava.util.logging.config.file=/root/maven/ecomerenceapp/tomcat/conf/logging.properties
25-Mar-2021 11:16:43.913 INFO [main] org.apache.catalina.startup.VersionLoggerListener.log Command line argument: -Djava.util.logging.manager=org.apache.juli.ClassLoaderLogManager
25-Mar-2021 11:16:43.913 INFO [main] org.apache.catalina.startup.VersionLoggerListener.log Command line argument: -Djdk.tls.ephemeralDHKeySize=2048
25-Mar-2021 11:16:43.913 INFO [main] org.apache.catalina.startup.VersionLoggerListener.log Command line argument: -Djava.protocol.handler.pkgs=org.apache.catalina.webresources
25-Mar-2021 11:16:43.914 INFO [main] org.apache.catalina.startup.VersionLoggerListener.log Command line argument: -Dorg.apache.catalina.security.SecurityListener.UMASK=0027
25-Mar-2021 11:16:43.914 INFO [main] org.apache.catalina.startup.VersionLoggerListener.log Command line argument: -Dignore.endorsed.dirs=
25-Mar-2021 11:16:43.914 INFO [main] org.apache.catalina.startup.VersionLoggerListener.log Command line argument: -Dcatalina.base=/root/maven/ecomerenceapp/tomcat
25-Mar-2021 11:16:43.914 INFO [main] org.apache.catalina.startup.VersionLoggerListener.log Command line argument: -Dcatalina.home=/root/maven/ecomerenceapp/tomcat
25-Mar-2021 11:16:43.914 INFO [main] org.apache.catalina.startup.VersionLoggerListener.log Command line argument: -Djava.io.tmpdir=/root/maven/ecomerenceapp/tomcat/temp
25-Mar-2021 11:16:43.920 INFO [main] org.apache.catalina.core.AprLifecycleListener.lifecycleEvent The Apache Tomcat Native library which allows using OpenSSL was not found on the java.library.path: [/usr/java/packages/lib:/usr/lib/x86_64-linux-gnu/jni:/lib/x86_64-linux-gnu:/usr/lib/x86_64-linux-gnu:/usr/lib/jni:/lib:/usr/lib]
25-Mar-2021 11:16:44.779 INFO [main] org.apache.coyote.AbstractProtocol.init Initializing ProtocolHandler ["http-nio-8080"]
25-Mar-2021 11:16:44.857 INFO [main] org.apache.catalina.startup.Catalina.load Server initialization in [1483] milliseconds
25-Mar-2021 11:16:44.980 INFO [main] org.apache.catalina.core.StandardService.startInternal Starting service [Catalina]
25-Mar-2021 11:16:44.980 INFO [main] org.apache.catalina.core.StandardEngine.startInternal Starting Servlet engine: [Apache Tomcat/9.0.44]
25-Mar-2021 11:16:44.991 INFO [main] org.apache.catalina.startup.HostConfig.deployDirectory Deploying web application directory [/root/maven/ecomerenceapp/tomcat/webapps/ROOT]
25-Mar-2021 11:20:08.368 WARNING [main] org.apache.catalina.util.SessionIdGeneratorBase.createSecureRandom Creation of SecureRandom instance for session ID generation using [SHA1PRNG] took [202,900] milliseconds.
25-Mar-2021 11:20:08.413 INFO [main] org.apache.catalina.startup.HostConfig.deployDirectory Deployment of web application directory [/root/maven/ecomerenceapp/tomcat/webapps/ROOT] has finished in [203,422] ms
25-Mar-2021 11:20:08.413 INFO [main] org.apache.catalina.startup.HostConfig.deployDirectory Deploying web application directory [/root/maven/ecomerenceapp/tomcat/webapps/docs]
25-Mar-2021 11:20:08.465 INFO [main] org.apache.catalina.startup.HostConfig.deployDirectory Deployment of web application directory [/root/maven/ecomerenceapp/tomcat/webapps/docs] has finished in [52] ms
25-Mar-2021 11:20:08.467 INFO [main] org.apache.catalina.startup.HostConfig.deployDirectory Deploying web application directory [/root/maven/ecomerenceapp/tomcat/webapps/examples]
25-Mar-2021 11:20:08.989 INFO [main] org.apache.catalina.startup.HostConfig.deployDirectory Deployment of web application directory [/root/maven/ecomerenceapp/tomcat/webapps/examples] has finished in [522] ms
25-Mar-2021 11:20:08.990 INFO [main] org.apache.catalina.startup.HostConfig.deployDirectory Deploying web application directory [/root/maven/ecomerenceapp/tomcat/webapps/manager]
25-Mar-2021 11:20:09.052 INFO [main] org.apache.catalina.startup.HostConfig.deployDirectory Deployment of web application directory [/root/maven/ecomerenceapp/tomcat/webapps/manager] has finished in [61] ms
25-Mar-2021 11:20:09.055 INFO [main] org.apache.catalina.startup.HostConfig.deployDirectory Deploying web application directory [/root/maven/ecomerenceapp/tomcat/webapps/host-manager]
25-Mar-2021 11:20:09.105 INFO [main] org.apache.catalina.startup.HostConfig.deployDirectory Deployment of web application directory [/root/maven/ecomerenceapp/tomcat/webapps/host-manager] has finished in [50] ms
25-Mar-2021 11:20:09.116 INFO [main] org.apache.coyote.AbstractProtocol.start Starting ProtocolHandler ["http-nio-8080"]
25-Mar-2021 11:20:09.149 INFO [main] org.apache.catalina.startup.Catalina.start Server startup in [204291] milliseconds
25-Mar-2021 11:23:14.220 SEVERE [http-nio-8080-exec-9] org.apache.catalina.startup.ExpandWar.copy Error copying [/root/ecomerenceapp/target/ecomerenceapp.war] to [/root/maven/ecomerenceapp/tomcat/webapps/ecomerenceapp.war]
	java.io.FileNotFoundException: /root/ecomerenceapp/target/ecomerenceapp.war (No such file or directory)
		at java.base/java.io.FileInputStream.open0(Native Method)
		at java.base/java.io.FileInputStream.open(FileInputStream.java:219)
		at java.base/java.io.FileInputStream.<init>(FileInputStream.java:157)
		at org.apache.catalina.startup.ExpandWar.copy(ExpandWar.java:269)
		at org.apache.catalina.manager.ManagerServlet.deploy(ManagerServlet.java:1015)
		at org.apache.catalina.manager.HTMLManagerServlet.deployInternal(HTMLManagerServlet.java:324)
		at org.apache.catalina.manager.HTMLManagerServlet.doPost(HTMLManagerServlet.java:214)
		at javax.servlet.http.HttpServlet.service(HttpServlet.java:652)
		at javax.servlet.http.HttpServlet.service(HttpServlet.java:733)
		at org.apache.catalina.core.ApplicationFilterChain.internalDoFilter(ApplicationFilterChain.java:227)
		at org.apache.catalina.core.ApplicationFilterChain.doFilter(ApplicationFilterChain.java:162)
		at org.apache.catalina.filters.CsrfPreventionFilter.doFilter(CsrfPreventionFilter.java:211)
		at org.apache.catalina.core.ApplicationFilterChain.internalDoFilter(ApplicationFilterChain.java:189)
		at org.apache.catalina.core.ApplicationFilterChain.doFilter(ApplicationFilterChain.java:162)
		at org.apache.tomcat.websocket.server.WsFilter.doFilter(WsFilter.java:53)
		at org.apache.catalina.core.ApplicationFilterChain.internalDoFilter(ApplicationFilterChain.java:189)
		at org.apache.catalina.core.ApplicationFilterChain.doFilter(ApplicationFilterChain.java:162)
		at org.apache.catalina.filters.HttpHeaderSecurityFilter.doFilter(HttpHeaderSecurityFilter.java:126)
		at org.apache.catalina.core.ApplicationFilterChain.internalDoFilter(ApplicationFilterChain.java:189)
		at org.apache.catalina.core.ApplicationFilterChain.doFilter(ApplicationFilterChain.java:162)
		at org.apache.catalina.core.StandardWrapperValve.invoke(StandardWrapperValve.java:202)
		at org.apache.catalina.core.StandardContextValve.invoke(StandardContextValve.java:97)
		at org.apache.catalina.authenticator.AuthenticatorBase.invoke(AuthenticatorBase.java:667)
		at org.apache.catalina.core.StandardHostValve.invoke(StandardHostValve.java:143)
		at org.apache.catalina.valves.ErrorReportValve.invoke(ErrorReportValve.java:92)
		at org.apache.catalina.valves.AbstractAccessLogValve.invoke(AbstractAccessLogValve.java:687)
		at org.apache.catalina.core.StandardEngineValve.invoke(StandardEngineValve.java:78)
		at org.apache.catalina.connector.CoyoteAdapter.service(CoyoteAdapter.java:357)
		at org.apache.coyote.http11.Http11Processor.service(Http11Processor.java:374)
		at org.apache.coyote.AbstractProcessorLight.process(AbstractProcessorLight.java:65)
		at org.apache.coyote.AbstractProtocol$ConnectionHandler.process(AbstractProtocol.java:893)
		at org.apache.tomcat.util.net.NioEndpoint$SocketProcessor.doRun(NioEndpoint.java:1707)
		at org.apache.tomcat.util.net.SocketProcessorBase.run(SocketProcessorBase.java:49)
		at java.base/java.util.concurrent.ThreadPoolExecutor.runWorker(ThreadPoolExecutor.java:1128)
		at java.base/java.util.concurrent.ThreadPoolExecutor$Worker.run(ThreadPoolExecutor.java:628)
		at org.apache.tomcat.util.threads.TaskThread$WrappingRunnable.run(TaskThread.java:61)
		at java.base/java.lang.Thread.run(Thread.java:834)
25-Mar-2021 11:23:24.739 SEVERE [http-nio-8080-exec-10] org.apache.catalina.startup.ExpandWar.copy Error copying [/root/ecomerenceapp/target/ecomerenceapp.war] to [/root/maven/ecomerenceapp/tomcat/webapps/ecomerenceapp.war]
	java.io.FileNotFoundException: /root/ecomerenceapp/target/ecomerenceapp.war (No such file or directory)
		at java.base/java.io.FileInputStream.open0(Native Method)
		at java.base/java.io.FileInputStream.open(FileInputStream.java:219)
		at java.base/java.io.FileInputStream.<init>(FileInputStream.java:157)
		at org.apache.catalina.startup.ExpandWar.copy(ExpandWar.java:269)
		at org.apache.catalina.manager.ManagerServlet.deploy(ManagerServlet.java:1015)
		at org.apache.catalina.manager.HTMLManagerServlet.deployInternal(HTMLManagerServlet.java:324)
		at org.apache.catalina.manager.HTMLManagerServlet.doPost(HTMLManagerServlet.java:214)
		at javax.servlet.http.HttpServlet.service(HttpServlet.java:652)
		at javax.servlet.http.HttpServlet.service(HttpServlet.java:733)
		at org.apache.catalina.core.ApplicationFilterChain.internalDoFilter(ApplicationFilterChain.java:227)
		at org.apache.catalina.core.ApplicationFilterChain.doFilter(ApplicationFilterChain.java:162)
		at org.apache.catalina.filters.CsrfPreventionFilter.doFilter(CsrfPreventionFilter.java:211)
		at org.apache.catalina.core.ApplicationFilterChain.internalDoFilter(ApplicationFilterChain.java:189)
		at org.apache.catalina.core.ApplicationFilterChain.doFilter(ApplicationFilterChain.java:162)
		at org.apache.tomcat.websocket.server.WsFilter.doFilter(WsFilter.java:53)
		at org.apache.catalina.core.ApplicationFilterChain.internalDoFilter(ApplicationFilterChain.java:189)
		at org.apache.catalina.core.ApplicationFilterChain.doFilter(ApplicationFilterChain.java:162)
		at org.apache.catalina.filters.HttpHeaderSecurityFilter.doFilter(HttpHeaderSecurityFilter.java:126)
		at org.apache.catalina.core.ApplicationFilterChain.internalDoFilter(ApplicationFilterChain.java:189)
		at org.apache.catalina.core.ApplicationFilterChain.doFilter(ApplicationFilterChain.java:162)
		at org.apache.catalina.core.StandardWrapperValve.invoke(StandardWrapperValve.java:202)
		at org.apache.catalina.core.StandardContextValve.invoke(StandardContextValve.java:97)
		at org.apache.catalina.authenticator.AuthenticatorBase.invoke(AuthenticatorBase.java:667)
		at org.apache.catalina.core.StandardHostValve.invoke(StandardHostValve.java:143)
		at org.apache.catalina.valves.ErrorReportValve.invoke(ErrorReportValve.java:92)
		at org.apache.catalina.valves.AbstractAccessLogValve.invoke(AbstractAccessLogValve.java:687)
		at org.apache.catalina.core.StandardEngineValve.invoke(StandardEngineValve.java:78)
		at org.apache.catalina.connector.CoyoteAdapter.service(CoyoteAdapter.java:357)
		at org.apache.coyote.http11.Http11Processor.service(Http11Processor.java:374)
		at org.apache.coyote.AbstractProcessorLight.process(AbstractProcessorLight.java:65)
		at org.apache.coyote.AbstractProtocol$ConnectionHandler.process(AbstractProtocol.java:893)
		at org.apache.tomcat.util.net.NioEndpoint$SocketProcessor.doRun(NioEndpoint.java:1707)
		at org.apache.tomcat.util.net.SocketProcessorBase.run(SocketProcessorBase.java:49)
		at java.base/java.util.concurrent.ThreadPoolExecutor.runWorker(ThreadPoolExecutor.java:1128)
		at java.base/java.util.concurrent.ThreadPoolExecutor$Worker.run(ThreadPoolExecutor.java:628)
		at org.apache.tomcat.util.threads.TaskThread$WrappingRunnable.run(TaskThread.java:61)
		at java.base/java.lang.Thread.run(Thread.java:834)
25-Mar-2021 11:24:45.308 INFO [http-nio-8080-exec-7] org.apache.catalina.startup.HostConfig.deployWAR Deploying web application archive [/root/maven/ecomerenceapp/tomcat/webapps/ecomerenceapp.war]
25-Mar-2021 11:24:45.387 INFO [http-nio-8080-exec-7] org.apache.catalina.startup.HostConfig.deployWAR Deployment of web application archive [/root/maven/ecomerenceapp/tomcat/webapps/ecomerenceapp.war] has finished in [79] ms
